2026-03-05 12:50:23,052 INFO [runtime] cuda probe_ok=True cudnn_enabled=True fallback_applied=False
2026-03-05 12:50:35,681 INFO [data] train=189012 val=1000 q_cuts=[4.719781875610352, 5.441120147705078]
2026-03-05 12:50:37,215 INFO [svd] loading cache: cache/svd_vision_206110b66217_r992.pt
2026-03-05 12:50:48,307 INFO [svd] cache loaded: missing=0 unexpected=0
2026-03-05 12:50:49,388 INFO [config] total_steps=47250 use_amp=True
2026-03-05 12:50:49,388 INFO [config] patch_pool=True mode=lse tau=1.8 quality=cos_norm gamma=0.08 warmup=4725 ramp=14175
2026-03-05 12:50:49,388 INFO [config] osd_regs=True lambda_orth=0.05 lambda_ksv=0.01 reg_warmup=4725 reg_ramp=9450
2026-03-05 12:50:49,390 INFO trainable params: 18886659
2026-03-05 12:50:49,391 INFO [config] log_every=200 audit_window_batches=200
2026-03-05 12:54:18,408 INFO [train] step 200 mean_loss cls=0.4070 reg=0.0000 reg/cls=0.0000 real=0.8973 fake=0.1935 osd_orth=0.3792 osd_ksv=0.1418 rank=0.0000 rank_term=0.0000 patch_evi=1.1187 patch_d|mean=0.0000
2026-03-05 12:54:18,410 INFO [audit] stratum_count(last_200_batches)={0: 177, 1: 122, 2: 89, 3: 1428, 4: 1456, 5: 1528}
2026-03-05 12:54:18,410 INFO [audit] label_qbin_count(last_200_batches)={'y0_q0': 177, 'y0_q1': 122, 'y0_q2': 89, 'y1_q0': 1428, 'y1_q1': 1456, 'y1_q2': 1528}
2026-03-05 12:54:18,457 INFO [audit] q_log(last_200_batches): mean=5.0972 std=0.8455 min=2.1096 max=7.9290 p10=4.0242 p50=5.0959 p90=6.2273
2026-03-05 12:54:18,457 INFO [groupdro] q_max=0.333 q_eff=3.00 q_H=1.000 argmax=0 worst_gid=1 worst_ema=0.4749 present=1.00 both=0.67
2026-03-05 12:57:39,002 INFO [train] step 400 mean_loss cls=0.3237 reg=0.0000 reg/cls=0.0000 real=0.7208 fake=0.1628 osd_orth=0.7871 osd_ksv=0.1436 rank=0.0000 rank_term=0.0000 patch_evi=1.1209 patch_d|mean=0.0000
2026-03-05 12:57:39,004 INFO [audit] stratum_count(last_200_batches)={0: 152, 1: 114, 2: 113, 3: 1419, 4: 1514, 5: 1488}
2026-03-05 12:57:39,004 INFO [audit] label_qbin_count(last_200_batches)={'y0_q0': 152, 'y0_q1': 114, 'y0_q2': 113, 'y1_q0': 1419, 'y1_q1': 1514, 'y1_q2': 1488}
2026-03-05 12:57:39,005 INFO [audit] q_log(last_200_batches): mean=5.0871 std=0.8423 min=2.0758 max=7.8318 p10=4.0051 p50=5.0749 p90=6.2012
2026-03-05 12:57:39,005 INFO [groupdro] q_max=0.333 q_eff=3.00 q_H=1.000 argmax=0 worst_gid=0 worst_ema=0.3642 present=1.00 both=0.00
2026-03-05 13:00:59,701 INFO [train] step 600 mean_loss cls=0.3345 reg=0.0000 reg/cls=0.0000 real=0.7759 fake=0.1692 osd_orth=1.1346 osd_ksv=0.1455 rank=0.0000 rank_term=0.0000 patch_evi=1.1275 patch_d|mean=0.0000
2026-03-05 13:00:59,703 INFO [audit] stratum_count(last_200_batches)={0: 193, 1: 123, 2: 110, 3: 1422, 4: 1475, 5: 1477}
2026-03-05 13:00:59,704 INFO [audit] label_qbin_count(last_200_batches)={'y0_q0': 193, 'y0_q1': 123, 'y0_q2': 110, 'y1_q0': 1422, 'y1_q1': 1475, 'y1_q2': 1477}
2026-03-05 13:00:59,704 INFO [audit] q_log(last_200_batches): mean=5.0857 std=0.8540 min=2.1415 max=8.1125 p10=4.0037 p50=5.0866 p90=6.2280
2026-03-05 13:00:59,705 INFO [groupdro] q_max=0.333 q_eff=3.00 q_H=1.000 argmax=0 worst_gid=2 worst_ema=0.3781 present=1.00 both=0.00
2026-03-05 13:04:20,287 INFO [train] step 800 mean_loss cls=0.2669 reg=0.0000 reg/cls=0.0000 real=0.5592 fake=0.1453 osd_orth=1.3289 osd_ksv=0.1466 rank=0.0000 rank_term=0.0000 patch_evi=1.1304 patch_d|mean=0.0000
2026-03-05 13:04:20,289 INFO [audit] stratum_count(last_200_batches)={0: 177, 1: 119, 2: 77, 3: 1482, 4: 1451, 5: 1494}
2026-03-05 13:04:20,289 INFO [audit] label_qbin_count(last_200_batches)={'y0_q0': 177, 'y0_q1': 119, 'y0_q2': 77, 'y1_q0': 1482, 'y1_q1': 1451, 'y1_q2': 1494}
2026-03-05 13:04:20,290 INFO [audit] q_log(last_200_batches): mean=5.0728 std=0.8478 min=2.0833 max=7.8532 p10=4.0134 p50=5.0630 p90=6.2049
2026-03-05 13:04:20,290 INFO [groupdro] q_max=0.333 q_eff=3.00 q_H=1.000 argmax=0 worst_gid=0 worst_ema=0.2858 present=1.00 both=0.33
2026-03-05 13:07:40,256 INFO [train] step 1000 mean_loss cls=0.3023 reg=0.0000 reg/cls=0.0000 real=0.6898 fake=0.1603 osd_orth=1.5106 osd_ksv=0.1478 rank=0.0000 rank_term=0.0000 patch_evi=1.1334 patch_d|mean=0.0000
2026-03-05 13:07:40,262 INFO [audit] stratum_count(last_200_batches)={0: 176, 1: 113, 2: 105, 3: 1388, 4: 1470, 5: 1548}
2026-03-05 13:07:40,262 INFO [audit] label_qbin_count(last_200_batches)={'y0_q0': 176, 'y0_q1': 113, 'y0_q2': 105, 'y1_q0': 1388, 'y1_q1': 1470, 'y1_q2': 1548}
2026-03-05 13:07:40,263 INFO [audit] q_log(last_200_batches): mean=5.0922 std=0.8386 min=2.1259 max=8.1189 p10=4.0087 p50=5.0867 p90=6.1903
2026-03-05 13:07:40,263 INFO [groupdro] q_max=0.333 q_eff=3.00 q_H=1.000 argmax=0 worst_gid=1 worst_ema=0.3948 present=1.00 both=0.67
2026-03-05 13:10:59,325 INFO [train] step 1200 mean_loss cls=0.2704 reg=0.0000 reg/cls=0.0000 real=0.5551 fake=0.1447 osd_orth=1.7199 osd_ksv=0.1495 rank=0.0000 rank_term=0.0000 patch_evi=1.1342 patch_d|mean=0.0000
2026-03-05 13:10:59,327 INFO [audit] stratum_count(last_200_batches)={0: 172, 1: 109, 2: 113, 3: 1495, 4: 1448, 5: 1463}
2026-03-05 13:10:59,327 INFO [audit] label_qbin_count(last_200_batches)={'y0_q0': 172, 'y0_q1': 109, 'y0_q2': 113, 'y1_q0': 1495, 'y1_q1': 1448, 'y1_q2': 1463}
2026-03-05 13:10:59,328 INFO [audit] q_log(last_200_batches): mean=5.0747 std=0.8421 min=2.1714 max=7.9181 p10=4.0162 p50=5.0572 p90=6.1951
2026-03-05 13:10:59,328 INFO [groupdro] q_max=0.333 q_eff=3.00 q_H=1.000 argmax=0 worst_gid=2 worst_ema=0.2953 present=1.00 both=0.33
2026-03-05 13:14:18,477 INFO [train] step 1400 mean_loss cls=0.2568 reg=0.0000 reg/cls=0.0000 real=0.5526 fake=0.1415 osd_orth=1.8977 osd_ksv=0.1514 rank=0.0000 rank_term=0.0000 patch_evi=1.1368 patch_d|mean=0.0000
2026-03-05 13:14:18,496 INFO [audit] stratum_count(last_200_batches)={0: 166, 1: 109, 2: 102, 3: 1429, 4: 1488, 5: 1506}
2026-03-05 13:14:18,497 INFO [audit] label_qbin_count(last_200_batches)={'y0_q0': 166, 'y0_q1': 109, 'y0_q2': 102, 'y1_q0': 1429, 'y1_q1': 1488, 'y1_q2': 1506}
2026-03-05 13:14:18,498 INFO [audit] q_log(last_200_batches): mean=5.0795 std=0.8384 min=2.0078 max=8.1437 p10=4.0160 p50=5.0593 p90=6.1982
2026-03-05 13:14:18,498 INFO [groupdro] q_max=0.333 q_eff=3.00 q_H=1.000 argmax=0 worst_gid=1 worst_ema=0.2655 present=1.00 both=0.33
2026-03-05 13:17:37,249 INFO [train] step 1600 mean_loss cls=0.3018 reg=0.0000 reg/cls=0.0000 real=0.6567 fake=0.1461 osd_orth=2.1007 osd_ksv=0.1537 rank=0.0000 rank_term=0.0000 patch_evi=1.1393 patch_d|mean=0.0000
2026-03-05 13:17:37,250 INFO [audit] stratum_count(last_200_batches)={0: 195, 1: 116, 2: 101, 3: 1382, 4: 1507, 5: 1499}
2026-03-05 13:17:37,250 INFO [audit] label_qbin_count(last_200_batches)={'y0_q0': 195, 'y0_q1': 116, 'y0_q2': 101, 'y1_q0': 1382, 'y1_q1': 1507, 'y1_q2': 1499}
2026-03-05 13:17:37,251 INFO [audit] q_log(last_200_batches): mean=5.0938 std=0.8402 min=2.1521 max=7.9671 p10=4.0237 p50=5.0796 p90=6.2356
2026-03-05 13:17:37,251 INFO [groupdro] q_max=0.333 q_eff=3.00 q_H=1.000 argmax=0 worst_gid=0 worst_ema=0.4585 present=1.00 both=0.67
2026-03-05 13:20:55,855 INFO [train] step 1800 mean_loss cls=0.2663 reg=0.0000 reg/cls=0.0000 real=0.6737 fake=0.1156 osd_orth=2.3718 osd_ksv=0.1578 rank=0.0000 rank_term=0.0000 patch_evi=1.1354 patch_d|mean=0.0000
2026-03-05 13:20:55,857 INFO [audit] stratum_count(last_200_batches)={0: 173, 1: 104, 2: 93, 3: 1432, 4: 1566, 5: 1432}
2026-03-05 13:20:55,858 INFO [audit] label_qbin_count(last_200_batches)={'y0_q0': 173, 'y0_q1': 104, 'y0_q2': 93, 'y1_q0': 1432, 'y1_q1': 1566, 'y1_q2': 1432}
2026-03-05 13:20:55,859 INFO [audit] q_log(last_200_batches): mean=5.0788 std=0.8353 min=2.1021 max=8.1010 p10=4.0156 p50=5.0667 p90=6.1961
2026-03-05 13:20:55,859 INFO [groupdro] q_max=0.333 q_eff=3.00 q_H=1.000 argmax=0 worst_gid=2 worst_ema=0.3197 present=1.00 both=0.67
2026-03-05 13:24:14,506 INFO [train] step 2000 mean_loss cls=0.2397 reg=0.0000 reg/cls=0.0000 real=0.5694 fake=0.1125 osd_orth=2.6127 osd_ksv=0.1624 rank=0.0000 rank_term=0.0000 patch_evi=1.1238 patch_d|mean=0.0000
2026-03-05 13:24:14,507 INFO [audit] stratum_count(last_200_batches)={0: 157, 1: 92, 2: 114, 3: 1465, 4: 1459, 5: 1513}
2026-03-05 13:24:14,507 INFO [audit] label_qbin_count(last_200_batches)={'y0_q0': 157, 'y0_q1': 92, 'y0_q2': 114, 'y1_q0': 1465, 'y1_q1': 1459, 'y1_q2': 1513}
2026-03-05 13:24:14,523 INFO [audit] q_log(last_200_batches): mean=5.1018 std=0.8492 min=2.2073 max=7.8778 p10=4.0363 p50=5.0817 p90=6.2405
2026-03-05 13:24:14,524 INFO [groupdro] q_max=0.333 q_eff=3.00 q_H=1.000 argmax=0 worst_gid=1 worst_ema=0.3513 present=1.00 both=0.33
2026-03-05 13:27:33,151 INFO [train] step 2200 mean_loss cls=0.2633 reg=0.0000 reg/cls=0.0000 real=0.7272 fake=0.1062 osd_orth=2.8664 osd_ksv=0.1688 rank=0.0000 rank_term=0.0000 patch_evi=1.1089 patch_d|mean=0.0000
2026-03-05 13:27:33,161 INFO [audit] stratum_count(last_200_batches)={0: 167, 1: 87, 2: 94, 3: 1427, 4: 1490, 5: 1535}
2026-03-05 13:27:33,161 INFO [audit] label_qbin_count(last_200_batches)={'y0_q0': 167, 'y0_q1': 87, 'y0_q2': 94, 'y1_q0': 1427, 'y1_q1': 1490, 'y1_q2': 1535}
2026-03-05 13:27:33,162 INFO [audit] q_log(last_200_batches): mean=5.1017 std=0.8416 min=2.5240 max=8.1410 p10=4.0457 p50=5.0899 p90=6.2186
2026-03-05 13:27:33,162 INFO [groupdro] q_max=0.333 q_eff=3.00 q_H=1.000 argmax=0 worst_gid=2 worst_ema=0.3969 present=1.00 both=0.67
2026-03-05 13:30:51,857 INFO [train] step 2400 mean_loss cls=0.3084 reg=0.0000 reg/cls=0.0000 real=0.6886 fake=0.1364 osd_orth=3.0881 osd_ksv=0.1758 rank=0.0000 rank_term=0.0000 patch_evi=1.0913 patch_d|mean=0.0000
2026-03-05 13:30:51,859 INFO [audit] stratum_count(last_200_batches)={0: 160, 1: 119, 2: 115, 3: 1457, 4: 1481, 5: 1468}
2026-03-05 13:30:51,859 INFO [audit] label_qbin_count(last_200_batches)={'y0_q0': 160, 'y0_q1': 119, 'y0_q2': 115, 'y1_q0': 1457, 'y1_q1': 1481, 'y1_q2': 1468}
2026-03-05 13:30:51,860 INFO [audit] q_log(last_200_batches): mean=5.0781 std=0.8474 min=2.0166 max=8.1925 p10=4.0100 p50=5.0674 p90=6.2136
2026-03-05 13:30:51,860 INFO [groupdro] q_max=0.333 q_eff=3.00 q_H=1.000 argmax=0 worst_gid=2 worst_ema=0.3717 present=1.00 both=0.67
2026-03-05 13:34:10,469 INFO [train] step 2600 mean_loss cls=0.2830 reg=0.0000 reg/cls=0.0000 real=0.5999 fake=0.1336 osd_orth=3.2993 osd_ksv=0.1836 rank=0.0000 rank_term=0.0000 patch_evi=1.1180 patch_d|mean=0.0000
2026-03-05 13:34:10,470 INFO [audit] stratum_count(last_200_batches)={0: 179, 1: 124, 2: 102, 3: 1389, 4: 1471, 5: 1535}
2026-03-05 13:34:10,470 INFO [audit] label_qbin_count(last_200_batches)={'y0_q0': 179, 'y0_q1': 124, 'y0_q2': 102, 'y1_q0': 1389, 'y1_q1': 1471, 'y1_q2': 1535}
2026-03-05 13:34:10,472 INFO [audit] q_log(last_200_batches): mean=5.0995 std=0.8393 min=1.9178 max=7.8020 p10=4.0401 p50=5.0890 p90=6.2138
2026-03-05 13:34:10,472 INFO [groupdro] q_max=0.333 q_eff=3.00 q_H=1.000 argmax=0 worst_gid=0 worst_ema=0.4587 present=1.00 both=0.67
2026-03-05 13:37:28,754 INFO [train] step 2800 mean_loss cls=0.2746 reg=0.0000 reg/cls=0.0000 real=0.6456 fake=0.1156 osd_orth=3.5262 osd_ksv=0.1930 rank=0.0000 rank_term=0.0000 patch_evi=1.2188 patch_d|mean=0.0000
2026-03-05 13:37:28,772 INFO [audit] stratum_count(last_200_batches)={0: 166, 1: 99, 2: 100, 3: 1461, 4: 1487, 5: 1487}
2026-03-05 13:37:28,772 INFO [audit] label_qbin_count(last_200_batches)={'y0_q0': 166, 'y0_q1': 99, 'y0_q2': 100, 'y1_q0': 1461, 'y1_q1': 1487, 'y1_q2': 1487}
2026-03-05 13:37:28,773 INFO [audit] q_log(last_200_batches): mean=5.0790 std=0.8401 min=1.9551 max=7.8515 p10=4.0210 p50=5.0593 p90=6.1959
2026-03-05 13:37:28,773 INFO [groupdro] q_max=0.333 q_eff=3.00 q_H=1.000 argmax=0 worst_gid=2 worst_ema=0.2641 present=1.00 both=0.67
2026-03-05 13:40:46,936 INFO [train] step 3000 mean_loss cls=0.2661 reg=0.0000 reg/cls=0.0000 real=0.6687 fake=0.1241 osd_orth=3.7333 osd_ksv=0.2020 rank=0.0000 rank_term=0.0000 patch_evi=1.3676 patch_d|mean=0.0000
2026-03-05 13:40:46,951 INFO [audit] stratum_count(last_200_batches)={0: 152, 1: 123, 2: 110, 3: 1405, 4: 1469, 5: 1541}
2026-03-05 13:40:46,951 INFO [audit] label_qbin_count(last_200_batches)={'y0_q0': 152, 'y0_q1': 123, 'y0_q2': 110, 'y1_q0': 1405, 'y1_q1': 1469, 'y1_q2': 1541}
2026-03-05 13:40:46,952 INFO [audit] q_log(last_200_batches): mean=5.1066 std=0.8433 min=2.1028 max=8.0497 p10=4.0063 p50=5.1100 p90=6.2281
2026-03-05 13:40:46,952 INFO [groupdro] q_max=0.333 q_eff=3.00 q_H=1.000 argmax=0 worst_gid=1 worst_ema=0.3446 present=1.00 both=1.00
2026-03-05 13:44:05,651 INFO [train] step 3200 mean_loss cls=0.2742 reg=0.0000 reg/cls=0.0000 real=0.6488 fake=0.1257 osd_orth=3.9128 osd_ksv=0.2091 rank=0.0000 rank_term=0.0000 patch_evi=1.4871 patch_d|mean=0.0000
2026-03-05 13:44:05,653 INFO [audit] stratum_count(last_200_batches)={0: 154, 1: 125, 2: 83, 3: 1440, 4: 1578, 5: 1420}
2026-03-05 13:44:05,653 INFO [audit] label_qbin_count(last_200_batches)={'y0_q0': 154, 'y0_q1': 125, 'y0_q2': 83, 'y1_q0': 1440, 'y1_q1': 1578, 'y1_q2': 1420}
2026-03-05 13:44:05,654 INFO [audit] q_log(last_200_batches): mean=5.0761 std=0.8263 min=2.2627 max=7.9926 p10=4.0456 p50=5.0500 p90=6.1767
2026-03-05 13:44:05,654 INFO [groupdro] q_max=0.333 q_eff=3.00 q_H=1.000 argmax=0 worst_gid=0 worst_ema=0.3918 present=1.00 both=0.33
2026-03-05 13:47:24,099 INFO [train] step 3400 mean_loss cls=0.3045 reg=0.0000 reg/cls=0.0000 real=0.7143 fake=0.1422 osd_orth=4.0829 osd_ksv=0.2148 rank=0.0000 rank_term=0.0000 patch_evi=1.5341 patch_d|mean=0.0000
2026-03-05 13:47:24,100 INFO [audit] stratum_count(last_200_batches)={0: 172, 1: 117, 2: 90, 3: 1399, 4: 1456, 5: 1566}
2026-03-05 13:47:24,101 INFO [audit] label_qbin_count(last_200_batches)={'y0_q0': 172, 'y0_q1': 117, 'y0_q2': 90, 'y1_q0': 1399, 'y1_q1': 1456, 'y1_q2': 1566}
2026-03-05 13:47:24,101 INFO [audit] q_log(last_200_batches): mean=5.0986 std=0.8484 min=2.1641 max=7.7676 p10=4.0093 p50=5.0971 p90=6.2126
2026-03-05 13:47:24,102 INFO [groupdro] q_max=0.333 q_eff=3.00 q_H=1.000 argmax=0 worst_gid=2 worst_ema=0.4186 present=1.00 both=0.33
2026-03-05 13:50:42,664 INFO [train] step 3600 mean_loss cls=0.2899 reg=0.0000 reg/cls=0.0000 real=0.6583 fake=0.1289 osd_orth=4.2600 osd_ksv=0.2208 rank=0.0000 rank_term=0.0000 patch_evi=1.5166 patch_d|mean=0.0000
2026-03-05 13:50:42,666 INFO [audit] stratum_count(last_200_batches)={0: 176, 1: 108, 2: 92, 3: 1448, 4: 1473, 5: 1503}
2026-03-05 13:50:42,666 INFO [audit] label_qbin_count(last_200_batches)={'y0_q0': 176, 'y0_q1': 108, 'y0_q2': 92, 'y1_q0': 1448, 'y1_q1': 1473, 'y1_q2': 1503}
2026-03-05 13:50:42,667 INFO [audit] q_log(last_200_batches): mean=5.0904 std=0.8474 min=2.1977 max=7.8470 p10=4.0126 p50=5.0800 p90=6.2374
2026-03-05 13:50:42,667 INFO [groupdro] q_max=0.333 q_eff=3.00 q_H=1.000 argmax=0 worst_gid=1 worst_ema=0.2762 present=1.00 both=0.33
2026-03-05 13:54:00,891 INFO [train] step 3800 mean_loss cls=0.2963 reg=0.0000 reg/cls=0.0000 real=0.6493 fake=0.1416 osd_orth=4.4057 osd_ksv=0.2252 rank=0.0000 rank_term=0.0000 patch_evi=1.3750 patch_d|mean=0.0000
2026-03-05 13:54:00,893 INFO [audit] stratum_count(last_200_batches)={0: 179, 1: 125, 2: 94, 3: 1433, 4: 1474, 5: 1495}
2026-03-05 13:54:00,893 INFO [audit] label_qbin_count(last_200_batches)={'y0_q0': 179, 'y0_q1': 125, 'y0_q2': 94, 'y1_q0': 1433, 'y1_q1': 1474, 'y1_q2': 1495}
2026-03-05 13:54:00,894 INFO [audit] q_log(last_200_batches): mean=5.0856 std=0.8455 min=2.1307 max=8.2225 p10=3.9979 p50=5.0697 p90=6.2267
2026-03-05 13:54:00,894 INFO [groupdro] q_max=0.333 q_eff=3.00 q_H=1.000 argmax=0 worst_gid=1 worst_ema=0.4802 present=1.00 both=0.33
2026-03-05 13:57:19,539 INFO [train] step 4000 mean_loss cls=0.2918 reg=0.0000 reg/cls=0.0000 real=0.6551 fake=0.1423 osd_orth=4.5525 osd_ksv=0.2305 rank=0.0000 rank_term=0.0000 patch_evi=1.2370 patch_d|mean=0.0000
2026-03-05 13:57:19,540 INFO [audit] stratum_count(last_200_batches)={0: 167, 1: 109, 2: 101, 3: 1391, 4: 1492, 5: 1540}
2026-03-05 13:57:19,541 INFO [audit] label_qbin_count(last_200_batches)={'y0_q0': 167, 'y0_q1': 109, 'y0_q2': 101, 'y1_q0': 1391, 'y1_q1': 1492, 'y1_q2': 1540}
2026-03-05 13:57:19,542 INFO [audit] q_log(last_200_batches): mean=5.1005 std=0.8450 min=2.0808 max=7.9127 p10=4.0338 p50=5.1100 p90=6.2114
2026-03-05 13:57:19,542 INFO [groupdro] q_max=0.333 q_eff=3.00 q_H=1.000 argmax=0 worst_gid=2 worst_ema=0.3397 present=1.00 both=0.00
2026-03-05 14:00:38,301 INFO [train] step 4200 mean_loss cls=0.2654 reg=0.0000 reg/cls=0.0000 real=0.5511 fake=0.1440 osd_orth=4.7213 osd_ksv=0.2372 rank=0.0000 rank_term=0.0000 patch_evi=1.2024 patch_d|mean=0.0000
2026-03-05 14:00:38,324 INFO [audit] stratum_count(last_200_batches)={0: 185, 1: 124, 2: 113, 3: 1389, 4: 1497, 5: 1492}
2026-03-05 14:00:38,324 INFO [audit] label_qbin_count(last_200_batches)={'y0_q0': 185, 'y0_q1': 124, 'y0_q2': 113, 'y1_q0': 1389, 'y1_q1': 1497, 'y1_q2': 1492}
2026-03-05 14:00:38,325 INFO [audit] q_log(last_200_batches): mean=5.0890 std=0.8450 min=2.1150 max=8.1353 p10=4.0104 p50=5.0862 p90=6.2051
2026-03-05 14:00:38,325 INFO [groupdro] q_max=0.333 q_eff=3.00 q_H=1.000 argmax=0 worst_gid=1 worst_ema=0.2439 present=1.00 both=0.67
2026-03-05 14:03:57,019 INFO [train] step 4400 mean_loss cls=0.2636 reg=0.0000 reg/cls=0.0000 real=0.5706 fake=0.1434 osd_orth=4.8656 osd_ksv=0.2436 rank=0.0000 rank_term=0.0000 patch_evi=1.1902 patch_d|mean=0.0000
2026-03-05 14:03:57,021 INFO [audit] stratum_count(last_200_batches)={0: 184, 1: 119, 2: 85, 3: 1422, 4: 1490, 5: 1500}
2026-03-05 14:03:57,021 INFO [audit] label_qbin_count(last_200_batches)={'y0_q0': 184, 'y0_q1': 119, 'y0_q2': 85, 'y1_q0': 1422, 'y1_q1': 1490, 'y1_q2': 1500}
2026-03-05 14:03:57,022 INFO [audit] q_log(last_200_batches): mean=5.0808 std=0.8517 min=1.2621 max=7.9690 p10=4.0043 p50=5.0625 p90=6.2084
2026-03-05 14:03:57,022 INFO [groupdro] q_max=0.333 q_eff=3.00 q_H=1.000 argmax=0 worst_gid=1 worst_ema=0.3921 present=1.00 both=0.33
2026-03-05 14:07:16,064 INFO [train] step 4600 mean_loss cls=0.2805 reg=0.0000 reg/cls=0.0000 real=0.6836 fake=0.1353 osd_orth=5.0153 osd_ksv=0.2508 rank=0.0000 rank_term=0.0000 patch_evi=1.1990 patch_d|mean=0.0000
2026-03-05 14:07:16,066 INFO [audit] stratum_count(last_200_batches)={0: 158, 1: 116, 2: 100, 3: 1455, 4: 1486, 5: 1485}
2026-03-05 14:07:16,066 INFO [audit] label_qbin_count(last_200_batches)={'y0_q0': 158, 'y0_q1': 116, 'y0_q2': 100, 'y1_q0': 1455, 'y1_q1': 1486, 'y1_q2': 1485}
2026-03-05 14:07:16,067 INFO [audit] q_log(last_200_batches): mean=5.0853 std=0.8393 min=2.2022 max=7.6449 p10=4.0200 p50=5.0777 p90=6.2170
2026-03-05 14:07:16,067 INFO [groupdro] q_max=0.333 q_eff=3.00 q_H=1.000 argmax=0 worst_gid=1 worst_ema=0.4610 present=1.00 both=0.33
2026-03-05 14:10:36,950 INFO [train] step 4800 mean_loss cls=0.2751 reg=0.0008 reg/cls=0.0028 real=0.6513 fake=0.1295 osd_orth=5.1677 osd_ksv=0.2576 rank=0.0000 rank_term=0.0000 patch_evi=1.1797 patch_d|mean=0.0002
2026-03-05 14:10:36,952 INFO [audit] stratum_count(last_200_batches)={0: 179, 1: 107, 2: 90, 3: 1429, 4: 1494, 5: 1501}
2026-03-05 14:10:36,952 INFO [audit] label_qbin_count(last_200_batches)={'y0_q0': 179, 'y0_q1': 107, 'y0_q2': 90, 'y1_q0': 1429, 'y1_q1': 1494, 'y1_q2': 1501}
2026-03-05 14:10:36,953 INFO [audit] q_log(last_200_batches): mean=5.0859 std=0.8442 min=2.3722 max=8.1624 p10=4.0184 p50=5.0610 p90=6.2147
2026-03-05 14:10:36,953 INFO [groupdro] q_max=0.334 q_eff=3.00 q_H=1.000 argmax=2 worst_gid=2 worst_ema=0.3290 present=1.00 both=0.33
2026-03-05 14:13:56,294 INFO [train] step 5000 mean_loss cls=0.2359 reg=0.0063 reg/cls=0.0268 real=0.4815 fake=0.1244 osd_orth=5.2694 osd_ksv=0.2638 rank=0.0000 rank_term=0.0000 patch_evi=1.1518 patch_d|mean=0.0015
2026-03-05 14:13:56,295 INFO [audit] stratum_count(last_200_batches)={0: 185, 1: 110, 2: 106, 3: 1440, 4: 1489, 5: 1470}
2026-03-05 14:13:56,295 INFO [audit] label_qbin_count(last_200_batches)={'y0_q0': 185, 'y0_q1': 110, 'y0_q2': 106, 'y1_q0': 1440, 'y1_q1': 1489, 'y1_q2': 1470}
2026-03-05 14:13:56,296 INFO [audit] q_log(last_200_batches): mean=5.0802 std=0.8586 min=2.1480 max=7.8699 p10=4.0126 p50=5.0708 p90=6.2369
2026-03-05 14:13:56,297 INFO [groupdro] q_max=0.334 q_eff=3.00 q_H=1.000 argmax=2 worst_gid=2 worst_ema=0.2978 present=1.00 both=0.00
2026-03-05 14:17:15,880 INFO [train] step 5200 mean_loss cls=0.2391 reg=0.0121 reg/cls=0.0507 real=0.5017 fake=0.1264 osd_orth=5.3450 osd_ksv=0.2696 rank=0.0000 rank_term=0.0000 patch_evi=1.1121 patch_d|mean=0.0027
2026-03-05 14:17:15,883 INFO [audit] stratum_count(last_200_batches)={0: 167, 1: 123, 2: 99, 3: 1436, 4: 1473, 5: 1502}
2026-03-05 14:17:15,883 INFO [audit] label_qbin_count(last_200_batches)={'y0_q0': 167, 'y0_q1': 123, 'y0_q2': 99, 'y1_q0': 1436, 'y1_q1': 1473, 'y1_q2': 1502}
2026-03-05 14:17:15,898 INFO [audit] q_log(last_200_batches): mean=5.0927 std=0.8514 min=1.9783 max=8.1233 p10=4.0394 p50=5.0678 p90=6.2379
2026-03-05 14:17:15,899 INFO [groupdro] q_max=0.334 q_eff=3.00 q_H=1.000 argmax=2 worst_gid=0 worst_ema=0.1658 present=1.00 both=0.67
2026-03-05 14:20:35,546 INFO [train] step 5400 mean_loss cls=0.2083 reg=0.0180 reg/cls=0.0866 real=0.4780 fake=0.0939 osd_orth=5.4032 osd_ksv=0.2755 rank=0.0000 rank_term=0.0000 patch_evi=1.0626 patch_d|mean=0.0037
2026-03-05 14:20:35,547 INFO [audit] stratum_count(last_200_batches)={0: 178, 1: 129, 2: 78, 3: 1383, 4: 1521, 5: 1511}
2026-03-05 14:20:35,548 INFO [audit] label_qbin_count(last_200_batches)={'y0_q0': 178, 'y0_q1': 129, 'y0_q2': 78, 'y1_q0': 1383, 'y1_q1': 1521, 'y1_q2': 1511}
2026-03-05 14:20:35,548 INFO [audit] q_log(last_200_batches): mean=5.0990 std=0.8392 min=2.3044 max=8.1010 p10=4.0432 p50=5.0891 p90=6.2073
2026-03-05 14:20:35,549 INFO [groupdro] q_max=0.334 q_eff=3.00 q_H=1.000 argmax=1 worst_gid=1 worst_ema=0.3675 present=1.00 both=0.67
2026-03-05 14:23:54,884 INFO [train] step 5600 mean_loss cls=0.2448 reg=0.0238 reg/cls=0.0972 real=0.5345 fake=0.1177 osd_orth=5.3972 osd_ksv=0.2797 rank=0.0000 rank_term=0.0000 patch_evi=1.0163 patch_d|mean=0.0047
2026-03-05 14:23:54,906 INFO [audit] stratum_count(last_200_batches)={0: 186, 1: 120, 2: 98, 3: 1449, 4: 1506, 5: 1441}
2026-03-05 14:23:54,907 INFO [audit] label_qbin_count(last_200_batches)={'y0_q0': 186, 'y0_q1': 120, 'y0_q2': 98, 'y1_q0': 1449, 'y1_q1': 1506, 'y1_q2': 1441}
2026-03-05 14:23:54,908 INFO [audit] q_log(last_200_batches): mean=5.0662 std=0.8435 min=2.2232 max=7.9928 p10=3.9792 p50=5.0568 p90=6.1939
2026-03-05 14:23:54,908 INFO [groupdro] q_max=0.334 q_eff=3.00 q_H=1.000 argmax=1 worst_gid=1 worst_ema=0.2613 present=1.00 both=0.33
2026-03-05 14:27:14,494 INFO [train] step 5800 mean_loss cls=0.2085 reg=0.0295 reg/cls=0.1415 real=0.5720 fake=0.0889 osd_orth=5.3873 osd_ksv=0.2834 rank=0.0000 rank_term=0.0000 patch_evi=0.9822 patch_d|mean=0.0057
2026-03-05 14:27:14,509 INFO [audit] stratum_count(last_200_batches)={0: 165, 1: 115, 2: 90, 3: 1394, 4: 1504, 5: 1532}
2026-03-05 14:27:14,509 INFO [audit] label_qbin_count(last_200_batches)={'y0_q0': 165, 'y0_q1': 115, 'y0_q2': 90, 'y1_q0': 1394, 'y1_q1': 1504, 'y1_q2': 1532}
2026-03-05 14:27:14,510 INFO [audit] q_log(last_200_batches): mean=5.1017 std=0.8478 min=2.0893 max=8.0905 p10=4.0178 p50=5.1057 p90=6.2249
2026-03-05 14:27:14,510 INFO [groupdro] q_max=0.334 q_eff=3.00 q_H=1.000 argmax=2 worst_gid=1 worst_ema=0.1993 present=1.00 both=0.67
2026-03-05 14:30:34,132 INFO [train] step 6000 mean_loss cls=0.1950 reg=0.0350 reg/cls=0.1796 real=0.4151 fake=0.0951 osd_orth=5.3478 osd_ksv=0.2853 rank=0.0000 rank_term=0.0000 patch_evi=0.9723 patch_d|mean=0.0067
2026-03-05 14:30:34,146 INFO [audit] stratum_count(last_200_batches)={0: 180, 1: 121, 2: 94, 3: 1357, 4: 1539, 5: 1509}
2026-03-05 14:30:34,146 INFO [audit] label_qbin_count(last_200_batches)={'y0_q0': 180, 'y0_q1': 121, 'y0_q2': 94, 'y1_q0': 1357, 'y1_q1': 1539, 'y1_q2': 1509}
2026-03-05 14:30:34,147 INFO [audit] q_log(last_200_batches): mean=5.1016 std=0.8256 min=2.3644 max=7.9466 p10=4.0507 p50=5.0839 p90=6.2090
2026-03-05 14:30:34,147 INFO [groupdro] q_max=0.334 q_eff=3.00 q_H=1.000 argmax=1 worst_gid=0 worst_ema=0.2265 present=1.00 both=0.33
2026-03-05 14:33:54,228 INFO [train] step 6200 mean_loss cls=0.2016 reg=0.0404 reg/cls=0.2003 real=0.4266 fake=0.0939 osd_orth=5.2990 osd_ksv=0.2879 rank=0.0000 rank_term=0.0000 patch_evi=0.9973 patch_d|mean=0.0080
2026-03-05 14:33:54,230 INFO [audit] stratum_count(last_200_batches)={0: 167, 1: 102, 2: 106, 3: 1506, 4: 1446, 5: 1473}
2026-03-05 14:33:54,230 INFO [audit] label_qbin_count(last_200_batches)={'y0_q0': 167, 'y0_q1': 102, 'y0_q2': 106, 'y1_q0': 1506, 'y1_q1': 1446, 'y1_q2': 1473}
2026-03-05 14:33:54,231 INFO [audit] q_log(last_200_batches): mean=5.0723 std=0.8518 min=2.0142 max=7.8167 p10=3.9918 p50=5.0566 p90=6.2049
2026-03-05 14:33:54,231 INFO [groupdro] q_max=0.334 q_eff=3.00 q_H=1.000 argmax=1 worst_gid=0 worst_ema=0.2316 present=1.00 both=0.67
2026-03-05 14:37:14,387 INFO [train] step 6400 mean_loss cls=0.2211 reg=0.0457 reg/cls=0.2068 real=0.4348 fake=0.1168 osd_orth=5.2618 osd_ksv=0.2912 rank=0.0000 rank_term=0.0000 patch_evi=1.0639 patch_d|mean=0.0098
2026-03-05 14:37:14,389 INFO [audit] stratum_count(last_200_batches)={0: 173, 1: 106, 2: 99, 3: 1392, 4: 1530, 5: 1500}
2026-03-05 14:37:14,389 INFO [audit] label_qbin_count(last_200_batches)={'y0_q0': 173, 'y0_q1': 106, 'y0_q2': 99, 'y1_q0': 1392, 'y1_q1': 1530, 'y1_q2': 1500}
2026-03-05 14:37:14,390 INFO [audit] q_log(last_200_batches): mean=5.0929 std=0.8385 min=2.0231 max=7.8746 p10=4.0329 p50=5.0883 p90=6.1972
2026-03-05 14:37:14,390 INFO [groupdro] q_max=0.334 q_eff=3.00 q_H=1.000 argmax=2 worst_gid=2 worst_ema=0.1278 present=1.00 both=0.33
2026-03-05 14:40:34,219 INFO [train] step 6600 mean_loss cls=0.1974 reg=0.0507 reg/cls=0.2570 real=0.5081 fake=0.1040 osd_orth=5.1980 osd_ksv=0.2931 rank=0.0000 rank_term=0.0000 patch_evi=1.0079 patch_d|mean=0.0104
2026-03-05 14:40:34,220 INFO [audit] stratum_count(last_200_batches)={0: 166, 1: 126, 2: 95, 3: 1436, 4: 1413, 5: 1564}
2026-03-05 14:40:34,220 INFO [audit] label_qbin_count(last_200_batches)={'y0_q0': 166, 'y0_q1': 126, 'y0_q2': 95, 'y1_q0': 1436, 'y1_q1': 1413, 'y1_q2': 1564}
2026-03-05 14:40:34,221 INFO [audit] q_log(last_200_batches): mean=5.0929 std=0.8448 min=1.9805 max=7.7651 p10=4.0057 p50=5.1033 p90=6.1974
2026-03-05 14:40:34,221 INFO [groupdro] q_max=0.334 q_eff=3.00 q_H=1.000 argmax=2 worst_gid=2 worst_ema=0.2840 present=1.00 both=0.33
2026-03-05 14:43:53,965 INFO [train] step 6800 mean_loss cls=0.1954 reg=0.0556 reg/cls=0.2845 real=0.4588 fake=0.0838 osd_orth=5.1319 osd_ksv=0.2950 rank=0.0000 rank_term=0.0000 patch_evi=1.0823 patch_d|mean=0.0124
2026-03-05 14:43:53,967 INFO [audit] stratum_count(last_200_batches)={0: 165, 1: 102, 2: 104, 3: 1480, 4: 1462, 5: 1487}
2026-03-05 14:43:53,967 INFO [audit] label_qbin_count(last_200_batches)={'y0_q0': 165, 'y0_q1': 102, 'y0_q2': 104, 'y1_q0': 1480, 'y1_q1': 1462, 'y1_q2': 1487}
2026-03-05 14:43:53,968 INFO [audit] q_log(last_200_batches): mean=5.0750 std=0.8495 min=2.0941 max=8.2079 p10=4.0337 p50=5.0576 p90=6.1932
2026-03-05 14:43:53,968 INFO [groupdro] q_max=0.334 q_eff=3.00 q_H=1.000 argmax=1 worst_gid=0 worst_ema=0.2551 present=1.00 both=0.33
2026-03-05 14:47:13,995 INFO [train] step 7000 mean_loss cls=0.2044 reg=0.0599 reg/cls=0.2928 real=0.4760 fake=0.0991 osd_orth=5.0271 osd_ksv=0.2948 rank=0.0000 rank_term=0.0000 patch_evi=1.1183 patch_d|mean=0.0140
2026-03-05 14:47:13,997 INFO [audit] stratum_count(last_200_batches)={0: 167, 1: 114, 2: 100, 3: 1434, 4: 1520, 5: 1465}
2026-03-05 14:47:13,997 INFO [audit] label_qbin_count(last_200_batches)={'y0_q0': 167, 'y0_q1': 114, 'y0_q2': 100, 'y1_q0': 1434, 'y1_q1': 1520, 'y1_q2': 1465}
2026-03-05 14:47:13,998 INFO [audit] q_log(last_200_batches): mean=5.0733 std=0.8476 min=1.9686 max=7.8376 p10=3.9930 p50=5.0598 p90=6.2240
2026-03-05 14:47:13,998 INFO [groupdro] q_max=0.335 q_eff=3.00 q_H=1.000 argmax=1 worst_gid=1 worst_ema=0.4158 present=1.00 both=0.33
2026-03-05 14:50:33,856 INFO [train] step 7200 mean_loss cls=0.1991 reg=0.0640 reg/cls=0.3214 real=0.4418 fake=0.1004 osd_orth=4.9290 osd_ksv=0.2949 rank=0.0000 rank_term=0.0000 patch_evi=1.2184 patch_d|mean=0.0167
2026-03-05 14:50:33,858 INFO [audit] stratum_count(last_200_batches)={0: 182, 1: 104, 2: 88, 3: 1401, 4: 1474, 5: 1551}
2026-03-05 14:50:33,858 INFO [audit] label_qbin_count(last_200_batches)={'y0_q0': 182, 'y0_q1': 104, 'y0_q2': 88, 'y1_q0': 1401, 'y1_q1': 1474, 'y1_q2': 1551}
2026-03-05 14:50:33,859 INFO [audit] q_log(last_200_batches): mean=5.1050 std=0.8363 min=2.5376 max=7.7568 p10=4.0508 p50=5.0921 p90=6.2120
2026-03-05 14:50:33,859 INFO [groupdro] q_max=0.334 q_eff=3.00 q_H=1.000 argmax=2 worst_gid=0 worst_ema=0.2196 present=1.00 both=0.33
2026-03-05 14:53:53,815 INFO [train] step 7400 mean_loss cls=0.1940 reg=0.0684 reg/cls=0.3526 real=0.4695 fake=0.0907 osd_orth=4.8667 osd_ksv=0.2984 rank=0.0000 rank_term=0.0000 patch_evi=1.3255 patch_d|mean=0.0196
2026-03-05 14:53:53,862 INFO [audit] stratum_count(last_200_batches)={0: 176, 1: 120, 2: 78, 3: 1436, 4: 1455, 5: 1535}
2026-03-05 14:53:53,863 INFO [audit] label_qbin_count(last_200_batches)={'y0_q0': 176, 'y0_q1': 120, 'y0_q2': 78, 'y1_q0': 1436, 'y1_q1': 1455, 'y1_q2': 1535}
2026-03-05 14:53:53,865 INFO [audit] q_log(last_200_batches): mean=5.0935 std=0.8590 min=2.2644 max=8.1857 p10=4.0059 p50=5.0797 p90=6.2566
2026-03-05 14:53:53,865 INFO [groupdro] q_max=0.334 q_eff=3.00 q_H=1.000 argmax=1 worst_gid=2 worst_ema=0.2099 present=1.00 both=0.33
2026-03-05 14:57:13,702 INFO [train] step 7600 mean_loss cls=0.1746 reg=0.0723 reg/cls=0.4140 real=0.4358 fake=0.0794 osd_orth=4.7776 osd_ksv=0.2994 rank=0.0000 rank_term=0.0000 patch_evi=1.3448 patch_d|mean=0.0214
2026-03-05 14:57:13,704 INFO [audit] stratum_count(last_200_batches)={0: 154, 1: 110, 2: 102, 3: 1416, 4: 1505, 5: 1513}
2026-03-05 14:57:13,704 INFO [audit] label_qbin_count(last_200_batches)={'y0_q0': 154, 'y0_q1': 110, 'y0_q2': 102, 'y1_q0': 1416, 'y1_q1': 1505, 'y1_q2': 1513}
2026-03-05 14:57:13,705 INFO [audit] q_log(last_200_batches): mean=5.0880 std=0.8337 min=2.2155 max=8.0759 p10=4.0289 p50=5.0702 p90=6.1814
2026-03-05 14:57:13,706 INFO [groupdro] q_max=0.333 q_eff=3.00 q_H=1.000 argmax=0 worst_gid=2 worst_ema=0.3063 present=1.00 both=0.00
2026-03-05 15:00:33,258 INFO [train] step 7800 mean_loss cls=0.1845 reg=0.0761 reg/cls=0.4124 real=0.4952 fake=0.0816 osd_orth=4.6938 osd_ksv=0.3005 rank=0.0000 rank_term=0.0000 patch_evi=1.4373 patch_d|mean=0.0245
2026-03-05 15:00:33,259 INFO [audit] stratum_count(last_200_batches)={0: 157, 1: 123, 2: 96, 3: 1460, 4: 1476, 5: 1488}
2026-03-05 15:00:33,259 INFO [audit] label_qbin_count(last_200_batches)={'y0_q0': 157, 'y0_q1': 123, 'y0_q2': 96, 'y1_q0': 1460, 'y1_q1': 1476, 'y1_q2': 1488}
2026-03-05 15:00:33,260 INFO [audit] q_log(last_200_batches): mean=5.0805 std=0.8505 min=2.1055 max=8.0905 p10=4.0001 p50=5.0725 p90=6.2098
2026-03-05 15:00:33,260 INFO [groupdro] q_max=0.334 q_eff=3.00 q_H=1.000 argmax=1 worst_gid=2 worst_ema=0.3206 present=1.00 both=0.00
2026-03-05 15:01:48,050 INFO [epoch_diag] groupdro cvar_on=True trim=False q_max=0.334 q_H=1.099 q_Hn=1.000 effG=3.00 n_eff=6.97
2026-03-05 15:01:48,052 INFO [epoch_diag] cvar lambda_t=0.047 tail_k=2.32 tail_frac=0.560 tail_cov=0.417 cap=0.1325 clip_rate=0.142
2026-03-05 15:01:48,053 INFO [epoch_diag] confidence logit_abs=1.5372 prob_entropy=0.2331
2026-03-05 15:01:48,120 INFO epoch 0 train loss: 0.278094 | trainable params: 18886659
2026-03-05 15:02:04,696 INFO epoch 0 val acc=0.7900 prec=0.7923 rec=0.7860 auc=0.8721 eer=0.2100 ap=0.8922 loss=0.542901
2026-03-05 15:02:04,696 INFO epoch 0 val fpr@tpr95=0.6760 precision@recall80=0.7812 fpr_real_bottom10=0.5800 fpr_real_bottom20=0.5300 spearman(q,score): overall=0.0883 real=0.3310 fake=-0.1566 worst_quality_bin_auc=0.8587 worst_stratum_error=0.2538 worst_real_fpr_over_bins=0.7900 worst_fake_fnr_over_bins=0.0846
2026-03-05 15:02:04,696 INFO epoch 0 val shortcut: blur_sp_real=0.3310 blur_sp_all=0.0883 worstbin_real_fpr1=0.0069 gap_real_fpr1=0.0133 group_gap_auc=0.0606 tta_micro_mean=nan tta_micro_p90=nan
2026-03-05 15:02:04,696 INFO epoch 0 val calib: nll=0.5418 brier=0.1547 ece15=0.1000 pred_entropy=0.2621 tpr@fpr1=0.3180 tpr@fpr0.5=0.2220
2026-03-05 15:05:35,838 INFO [train] step 200 mean_loss cls=0.1932 reg=0.0808 reg/cls=0.4182 real=0.4017 fake=0.0917 osd_orth=4.5679 osd_ksv=0.3007 rank=0.0000 rank_term=0.0000 patch_evi=1.5115 patch_d|mean=0.0281
2026-03-05 15:05:35,840 INFO [audit] stratum_count(last_200_batches)={0: 172, 1: 119, 2: 95, 3: 1445, 4: 1496, 5: 1473}
2026-03-05 15:05:35,840 INFO [audit] label_qbin_count(last_200_batches)={'y0_q0': 172, 'y0_q1': 119, 'y0_q2': 95, 'y1_q0': 1445, 'y1_q1': 1496, 'y1_q2': 1473}
2026-03-05 15:05:35,841 INFO [audit] q_log(last_200_batches): mean=5.0792 std=0.8421 min=2.1628 max=7.7864 p10=4.0277 p50=5.0461 p90=6.1990
2026-03-05 15:05:35,841 INFO [groupdro] q_max=0.335 q_eff=3.00 q_H=1.000 argmax=1 worst_gid=1 worst_ema=0.3851 present=1.00 both=0.00
2026-03-05 15:08:58,921 INFO [train] step 400 mean_loss cls=0.1972 reg=0.0841 reg/cls=0.4264 real=0.5121 fake=0.0944 osd_orth=4.4811 osd_ksv=0.3009 rank=0.0000 rank_term=0.0000 patch_evi=1.6269 patch_d|mean=0.0321
2026-03-05 15:08:58,937 INFO [audit] stratum_count(last_200_batches)={0: 165, 1: 100, 2: 102, 3: 1453, 4: 1492, 5: 1488}
2026-03-05 15:08:58,937 INFO [audit] label_qbin_count(last_200_batches)={'y0_q0': 165, 'y0_q1': 100, 'y0_q2': 102, 'y1_q0': 1453, 'y1_q1': 1492, 'y1_q2': 1488}
2026-03-05 15:08:58,938 INFO [audit] q_log(last_200_batches): mean=5.0881 std=0.8391 min=2.2133 max=7.7601 p10=4.0243 p50=5.0798 p90=6.2341
2026-03-05 15:08:58,938 INFO [groupdro] q_max=0.334 q_eff=3.00 q_H=1.000 argmax=2 worst_gid=2 worst_ema=0.3594 present=1.00 both=0.00
2026-03-05 15:12:21,925 INFO [train] step 600 mean_loss cls=0.1663 reg=0.0872 reg/cls=0.5240 real=0.3653 fake=0.0843 osd_orth=4.3923 osd_ksv=0.3011 rank=0.0000 rank_term=0.0000 patch_evi=1.7117 patch_d|mean=0.0357
2026-03-05 15:12:21,927 INFO [audit] stratum_count(last_200_batches)={0: 203, 1: 106, 2: 94, 3: 1436, 4: 1444, 5: 1517}
2026-03-05 15:12:21,927 INFO [audit] label_qbin_count(last_200_batches)={'y0_q0': 203, 'y0_q1': 106, 'y0_q2': 94, 'y1_q0': 1436, 'y1_q1': 1444, 'y1_q2': 1517}
2026-03-05 15:12:21,928 INFO [audit] q_log(last_200_batches): mean=5.0815 std=0.8509 min=2.0142 max=7.7682 p10=4.0102 p50=5.0835 p90=6.2053
2026-03-05 15:12:21,928 INFO [groupdro] q_max=0.334 q_eff=3.00 q_H=1.000 argmax=2 worst_gid=2 worst_ema=0.1701 present=1.00 both=0.33
2026-03-05 15:15:44,895 INFO [train] step 800 mean_loss cls=0.2400 reg=0.0900 reg/cls=0.3748 real=0.5016 fake=0.1205 osd_orth=4.3001 osd_ksv=0.3004 rank=0.0000 rank_term=0.0000 patch_evi=1.6950 patch_d|mean=0.0373
2026-03-05 15:15:44,897 INFO [audit] stratum_count(last_200_batches)={0: 164, 1: 131, 2: 110, 3: 1422, 4: 1489, 5: 1484}
2026-03-05 15:15:44,897 INFO [audit] label_qbin_count(last_200_batches)={'y0_q0': 164, 'y0_q1': 131, 'y0_q2': 110, 'y1_q0': 1422, 'y1_q1': 1489, 'y1_q2': 1484}
2026-03-05 15:15:44,898 INFO [audit] q_log(last_200_batches): mean=5.0913 std=0.8461 min=2.1021 max=7.9107 p10=4.0396 p50=5.0762 p90=6.2289
2026-03-05 15:15:44,898 INFO [groupdro] q_max=0.334 q_eff=3.00 q_H=1.000 argmax=2 worst_gid=2 worst_ema=0.2537 present=1.00 both=0.33
2026-03-05 15:19:07,899 INFO [train] step 1000 mean_loss cls=0.1950 reg=0.0931 reg/cls=0.4776 real=0.4443 fake=0.0931 osd_orth=4.2336 osd_ksv=0.3023 rank=0.0000 rank_term=0.0000 patch_evi=1.7349 patch_d|mean=0.0401
2026-03-05 15:19:07,901 INFO [audit] stratum_count(last_200_batches)={0: 176, 1: 116, 2: 106, 3: 1383, 4: 1509, 5: 1510}
2026-03-05 15:19:07,901 INFO [audit] label_qbin_count(last_200_batches)={'y0_q0': 176, 'y0_q1': 116, 'y0_q2': 106, 'y1_q0': 1383, 'y1_q1': 1509, 'y1_q2': 1510}
2026-03-05 15:19:07,902 INFO [audit] q_log(last_200_batches): mean=5.0911 std=0.8282 min=2.0078 max=8.2079 p10=4.0395 p50=5.0981 p90=6.1757
2026-03-05 15:19:07,902 INFO [groupdro] q_max=0.334 q_eff=3.00 q_H=1.000 argmax=2 worst_gid=0 worst_ema=0.2233 present=1.00 both=0.33
2026-03-05 15:22:31,010 INFO [train] step 1200 mean_loss cls=0.1938 reg=0.0959 reg/cls=0.4948 real=0.5278 fake=0.0959 osd_orth=4.1550 osd_ksv=0.3025 rank=0.0000 rank_term=0.0000 patch_evi=1.7207 patch_d|mean=0.0418
2026-03-05 15:22:31,012 INFO [audit] stratum_count(last_200_batches)={0: 162, 1: 112, 2: 102, 3: 1454, 4: 1476, 5: 1494}
2026-03-05 15:22:31,012 INFO [audit] label_qbin_count(last_200_batches)={'y0_q0': 162, 'y0_q1': 112, 'y0_q2': 102, 'y1_q0': 1454, 'y1_q1': 1476, 'y1_q2': 1494}
2026-03-05 15:22:31,013 INFO [audit] q_log(last_200_batches): mean=5.0874 std=0.8569 min=1.9178 max=7.9606 p10=3.9968 p50=5.0741 p90=6.2279
2026-03-05 15:22:31,013 INFO [groupdro] q_max=0.334 q_eff=3.00 q_H=1.000 argmax=2 worst_gid=1 worst_ema=0.2552 present=1.00 both=0.00
2026-03-05 15:25:58,900 INFO [train] step 1400 mean_loss cls=0.1777 reg=0.0982 reg/cls=0.5527 real=0.4031 fake=0.0817 osd_orth=4.0654 osd_ksv=0.3011 rank=0.0000 rank_term=0.0000 patch_evi=1.6804 patch_d|mean=0.0427
2026-03-05 15:25:58,901 INFO [audit] stratum_count(last_200_batches)={0: 189, 1: 131, 2: 83, 3: 1419, 4: 1463, 5: 1515}
2026-03-05 15:25:58,902 INFO [audit] label_qbin_count(last_200_batches)={'y0_q0': 189, 'y0_q1': 131, 'y0_q2': 83, 'y1_q0': 1419, 'y1_q1': 1463, 'y1_q2': 1515}
2026-03-05 15:25:58,903 INFO [audit] q_log(last_200_batches): mean=5.0876 std=0.8364 min=2.1752 max=8.1233 p10=4.0124 p50=5.0731 p90=6.2065
2026-03-05 15:25:58,903 INFO [groupdro] q_max=0.334 q_eff=3.00 q_H=1.000 argmax=2 worst_gid=2 worst_ema=0.4350 present=1.00 both=1.00
2026-03-05 15:29:21,903 INFO [train] step 1600 mean_loss cls=0.1923 reg=0.1006 reg/cls=0.5232 real=0.4480 fake=0.1064 osd_orth=3.9869 osd_ksv=0.3006 rank=0.0000 rank_term=0.0000 patch_evi=1.6378 patch_d|mean=0.0434
2026-03-05 15:29:21,905 INFO [audit] stratum_count(last_200_batches)={0: 193, 1: 130, 2: 110, 3: 1468, 4: 1434, 5: 1465}
2026-03-05 15:29:21,905 INFO [audit] label_qbin_count(last_200_batches)={'y0_q0': 193, 'y0_q1': 130, 'y0_q2': 110, 'y1_q0': 1468, 'y1_q1': 1434, 'y1_q2': 1465}
2026-03-05 15:29:21,906 INFO [audit] q_log(last_200_batches): mean=5.0716 std=0.8529 min=1.5510 max=8.1189 p10=3.9964 p50=5.0502 p90=6.2283
2026-03-05 15:29:21,906 INFO [groupdro] q_max=0.334 q_eff=3.00 q_H=1.000 argmax=2 worst_gid=1 worst_ema=0.2860 present=1.00 both=0.67
2026-03-05 15:32:44,823 INFO [train] step 1800 mean_loss cls=0.1537 reg=0.1030 reg/cls=0.6700 real=0.3192 fake=0.0823 osd_orth=3.9114 osd_ksv=0.3006 rank=0.0000 rank_term=0.0000 patch_evi=1.5896 patch_d|mean=0.0439
2026-03-05 15:32:44,854 INFO [audit] stratum_count(last_200_batches)={0: 181, 1: 112, 2: 91, 3: 1444, 4: 1514, 5: 1458}
2026-03-05 15:32:44,855 INFO [audit] label_qbin_count(last_200_batches)={'y0_q0': 181, 'y0_q1': 112, 'y0_q2': 91, 'y1_q0': 1444, 'y1_q1': 1514, 'y1_q2': 1458}
2026-03-05 15:32:44,856 INFO [audit] q_log(last_200_batches): mean=5.0786 std=0.8416 min=2.1722 max=8.1010 p10=4.0132 p50=5.0447 p90=6.2073
2026-03-05 15:32:44,856 INFO [groupdro] q_max=0.334 q_eff=3.00 q_H=1.000 argmax=1 worst_gid=0 worst_ema=0.2884 present=1.00 both=1.00
2026-03-05 15:36:07,992 INFO [train] step 2000 mean_loss cls=0.2011 reg=0.1050 reg/cls=0.5220 real=0.4719 fake=0.1085 osd_orth=3.8302 osd_ksv=0.3002 rank=0.0000 rank_term=0.0000 patch_evi=1.5971 patch_d|mean=0.0460
2026-03-05 15:36:07,994 INFO [audit] stratum_count(last_200_batches)={0: 176, 1: 119, 2: 85, 3: 1492, 4: 1478, 5: 1450}
2026-03-05 15:36:07,994 INFO [audit] label_qbin_count(last_200_batches)={'y0_q0': 176, 'y0_q1': 119, 'y0_q2': 85, 'y1_q0': 1492, 'y1_q1': 1478, 'y1_q2': 1450}
2026-03-05 15:36:07,995 INFO [audit] q_log(last_200_batches): mean=5.0563 std=0.8358 min=2.0607 max=8.0576 p10=3.9929 p50=5.0393 p90=6.1829
2026-03-05 15:36:07,995 INFO [groupdro] q_max=0.334 q_eff=3.00 q_H=1.000 argmax=1 worst_gid=0 worst_ema=0.2689 present=1.00 both=0.33
2026-03-05 15:39:31,260 INFO [train] step 2200 mean_loss cls=0.1747 reg=0.1071 reg/cls=0.6129 real=0.4179 fake=0.0826 osd_orth=3.7592 osd_ksv=0.3009 rank=0.0000 rank_term=0.0000 patch_evi=1.6363 patch_d|mean=0.0489
2026-03-05 15:39:31,261 INFO [audit] stratum_count(last_200_batches)={0: 177, 1: 115, 2: 92, 3: 1411, 4: 1524, 5: 1481}
2026-03-05 15:39:31,262 INFO [audit] label_qbin_count(last_200_batches)={'y0_q0': 177, 'y0_q1': 115, 'y0_q2': 92, 'y1_q0': 1411, 'y1_q1': 1524, 'y1_q2': 1481}
2026-03-05 15:39:31,263 INFO [audit] q_log(last_200_batches): mean=5.0842 std=0.8332 min=2.0833 max=8.0905 p10=4.0372 p50=5.0722 p90=6.1876
2026-03-05 15:39:31,263 INFO [groupdro] q_max=0.334 q_eff=3.00 q_H=1.000 argmax=1 worst_gid=1 worst_ema=0.2773 present=1.00 both=0.67
2026-03-05 15:42:54,727 INFO [train] step 2400 mean_loss cls=0.1788 reg=0.1087 reg/cls=0.6080 real=0.4393 fake=0.0833 osd_orth=3.6754 osd_ksv=0.2993 rank=0.0000 rank_term=0.0000 patch_evi=1.5832 patch_d|mean=0.0491
2026-03-05 15:42:54,729 INFO [audit] stratum_count(last_200_batches)={0: 165, 1: 110, 2: 86, 3: 1402, 4: 1487, 5: 1550}
2026-03-05 15:42:54,729 INFO [audit] label_qbin_count(last_200_batches)={'y0_q0': 165, 'y0_q1': 110, 'y0_q2': 86, 'y1_q0': 1402, 'y1_q1': 1487, 'y1_q2': 1550}
2026-03-05 15:42:54,730 INFO [audit] q_log(last_200_batches): mean=5.1049 std=0.8523 min=2.2869 max=8.1437 p10=4.0084 p50=5.0979 p90=6.2385
2026-03-05 15:42:54,743 INFO [groupdro] q_max=0.335 q_eff=3.00 q_H=1.000 argmax=1 worst_gid=0 worst_ema=0.2463 present=1.00 both=0.67
2026-03-05 15:46:18,092 INFO [train] step 2600 mean_loss cls=0.1851 reg=0.1100 reg/cls=0.5946 real=0.4610 fake=0.0832 osd_orth=3.5894 osd_ksv=0.2972 rank=0.0000 rank_term=0.0000 patch_evi=1.5222 patch_d|mean=0.0490
2026-03-05 15:46:18,093 INFO [audit] stratum_count(last_200_batches)={0: 167, 1: 111, 2: 115, 3: 1443, 4: 1491, 5: 1473}
2026-03-05 15:46:18,093 INFO [audit] label_qbin_count(last_200_batches)={'y0_q0': 167, 'y0_q1': 111, 'y0_q2': 115, 'y1_q0': 1443, 'y1_q1': 1491, 'y1_q2': 1473}
2026-03-05 15:46:18,094 INFO [audit] q_log(last_200_batches): mean=5.0871 std=0.8348 min=2.0166 max=8.1125 p10=4.0267 p50=5.0655 p90=6.2184
2026-03-05 15:46:18,094 INFO [groupdro] q_max=0.334 q_eff=3.00 q_H=1.000 argmax=1 worst_gid=0 worst_ema=0.2368 present=1.00 both=1.00
2026-03-05 15:49:41,214 INFO [train] step 2800 mean_loss cls=0.1867 reg=0.1116 reg/cls=0.5979 real=0.4628 fake=0.0968 osd_orth=3.5174 osd_ksv=0.2970 rank=0.0000 rank_term=0.0000 patch_evi=1.5147 patch_d|mean=0.0504
2026-03-05 15:49:41,216 INFO [audit] stratum_count(last_200_batches)={0: 166, 1: 108, 2: 89, 3: 1427, 4: 1463, 5: 1547}
2026-03-05 15:49:41,216 INFO [audit] label_qbin_count(last_200_batches)={'y0_q0': 166, 'y0_q1': 108, 'y0_q2': 89, 'y1_q0': 1427, 'y1_q1': 1463, 'y1_q2': 1547}
2026-03-05 15:49:41,217 INFO [audit] q_log(last_200_batches): mean=5.0965 std=0.8279 min=2.0527 max=8.0497 p10=4.0396 p50=5.0887 p90=6.1946
2026-03-05 15:49:41,217 INFO [groupdro] q_max=0.334 q_eff=3.00 q_H=1.000 argmax=2 worst_gid=1 worst_ema=0.1899 present=1.00 both=0.33
2026-03-05 15:53:04,020 INFO [train] step 3000 mean_loss cls=0.1672 reg=0.1129 reg/cls=0.6753 real=0.4435 fake=0.0877 osd_orth=3.4398 osd_ksv=0.2947 rank=0.0000 rank_term=0.0000 patch_evi=1.4753 patch_d|mean=0.0508
2026-03-05 15:53:04,022 INFO [audit] stratum_count(last_200_batches)={0: 162, 1: 102, 2: 88, 3: 1400, 4: 1498, 5: 1550}
2026-03-05 15:53:04,022 INFO [audit] label_qbin_count(last_200_batches)={'y0_q0': 162, 'y0_q1': 102, 'y0_q2': 88, 'y1_q0': 1400, 'y1_q1': 1498, 'y1_q2': 1550}
2026-03-05 15:53:04,023 INFO [audit] q_log(last_200_batches): mean=5.1102 std=0.8318 min=2.0611 max=8.0759 p10=4.0631 p50=5.1086 p90=6.2316
2026-03-05 15:53:04,023 INFO [groupdro] q_max=0.334 q_eff=3.00 q_H=1.000 argmax=2 worst_gid=1 worst_ema=0.1831 present=1.00 both=0.67
2026-03-05 15:56:27,305 INFO [train] step 3200 mean_loss cls=0.1819 reg=0.1144 reg/cls=0.6288 real=0.3675 fake=0.0936 osd_orth=3.3730 osd_ksv=0.2940 rank=0.0000 rank_term=0.0000 patch_evi=1.3888 patch_d|mean=0.0494
2026-03-05 15:56:27,307 INFO [audit] stratum_count(last_200_batches)={0: 196, 1: 123, 2: 95, 3: 1430, 4: 1487, 5: 1469}
2026-03-05 15:56:27,307 INFO [audit] label_qbin_count(last_200_batches)={'y0_q0': 196, 'y0_q1': 123, 'y0_q2': 95, 'y1_q0': 1430, 'y1_q1': 1487, 'y1_q2': 1469}
2026-03-05 15:56:27,308 INFO [audit] q_log(last_200_batches): mean=5.0727 std=0.8504 min=1.9783 max=7.9127 p10=3.9895 p50=5.0605 p90=6.1948
2026-03-05 15:56:27,308 INFO [groupdro] q_max=0.334 q_eff=3.00 q_H=1.000 argmax=1 worst_gid=1 worst_ema=0.2159 present=1.00 both=0.00
2026-03-05 15:59:49,896 INFO [train] step 3400 mean_loss cls=0.1445 reg=0.1154 reg/cls=0.7985 real=0.3986 fake=0.0848 osd_orth=3.2967 osd_ksv=0.2923 rank=0.0000 rank_term=0.0000 patch_evi=1.3301 patch_d|mean=0.0488
2026-03-05 15:59:49,898 INFO [audit] stratum_count(last_200_batches)={0: 168, 1: 118, 2: 101, 3: 1458, 4: 1429, 5: 1526}
2026-03-05 15:59:49,898 INFO [audit] label_qbin_count(last_200_batches)={'y0_q0': 168, 'y0_q1': 118, 'y0_q2': 101, 'y1_q0': 1458, 'y1_q1': 1429, 'y1_q2': 1526}
2026-03-05 15:59:49,899 INFO [audit] q_log(last_200_batches): mean=5.0964 std=0.8364 min=2.1028 max=7.8773 p10=4.0642 p50=5.0823 p90=6.2138
2026-03-05 15:59:49,899 INFO [groupdro] q_max=0.334 q_eff=3.00 q_H=1.000 argmax=1 worst_gid=0 worst_ema=0.2269 present=1.00 both=0.00
2026-03-05 16:03:13,465 INFO [train] step 3600 mean_loss cls=0.1415 reg=0.1163 reg/cls=0.8218 real=0.4349 fake=0.0699 osd_orth=3.2215 osd_ksv=0.2910 rank=0.0000 rank_term=0.0000 patch_evi=1.3235 patch_d|mean=0.0500
2026-03-05 16:03:13,493 INFO [audit] stratum_count(last_200_batches)={0: 177, 1: 104, 2: 99, 3: 1429, 4: 1495, 5: 1496}
2026-03-05 16:03:13,493 INFO [audit] label_qbin_count(last_200_batches)={'y0_q0': 177, 'y0_q1': 104, 'y0_q2': 99, 'y1_q0': 1429, 'y1_q1': 1495, 'y1_q2': 1496}
2026-03-05 16:03:13,494 INFO [audit] q_log(last_200_batches): mean=5.0965 std=0.8517 min=2.2956 max=8.1857 p10=4.0170 p50=5.0740 p90=6.2561
2026-03-05 16:03:13,494 INFO [groupdro] q_max=0.333 q_eff=3.00 q_H=1.000 argmax=1 worst_gid=1 worst_ema=0.2045 present=1.00 both=1.00
2026-03-05 16:06:36,691 INFO [train] step 3800 mean_loss cls=0.1661 reg=0.1179 reg/cls=0.7096 real=0.3895 fake=0.0833 osd_orth=3.1707 osd_ksv=0.2917 rank=0.0000 rank_term=0.0000 patch_evi=1.2785 patch_d|mean=0.0498
2026-03-05 16:06:36,693 INFO [audit] stratum_count(last_200_batches)={0: 167, 1: 121, 2: 106, 3: 1396, 4: 1457, 5: 1553}
2026-03-05 16:06:36,694 INFO [audit] label_qbin_count(last_200_batches)={'y0_q0': 167, 'y0_q1': 121, 'y0_q2': 106, 'y1_q0': 1396, 'y1_q1': 1457, 'y1_q2': 1553}
2026-03-05 16:06:36,695 INFO [audit] q_log(last_200_batches): mean=5.1002 std=0.8464 min=2.0808 max=7.7516 p10=4.0156 p50=5.0818 p90=6.2076
2026-03-05 16:06:36,695 INFO [groupdro] q_max=0.334 q_eff=3.00 q_H=1.000 argmax=1 worst_gid=1 worst_ema=0.3118 present=1.00 both=0.33
2026-03-05 16:10:00,453 INFO [train] step 4000 mean_loss cls=0.1689 reg=0.1189 reg/cls=0.7042 real=0.4323 fake=0.0937 osd_orth=3.1075 osd_ksv=0.2912 rank=0.0000 rank_term=0.0000 patch_evi=1.3803 patch_d|mean=0.0553
2026-03-05 16:10:00,455 INFO [audit] stratum_count(last_200_batches)={0: 146, 1: 102, 2: 89, 3: 1379, 4: 1518, 5: 1566}
2026-03-05 16:10:00,455 INFO [audit] label_qbin_count(last_200_batches)={'y0_q0': 146, 'y0_q1': 102, 'y0_q2': 89, 'y1_q0': 1379, 'y1_q1': 1518, 'y1_q2': 1566}
2026-03-05 16:10:00,456 INFO [audit] q_log(last_200_batches): mean=5.1058 std=0.8465 min=2.0757 max=8.1010 p10=4.0351 p50=5.0999 p90=6.2240
2026-03-05 16:10:00,456 INFO [groupdro] q_max=0.334 q_eff=3.00 q_H=1.000 argmax=2 worst_gid=2 worst_ema=0.1924 present=1.00 both=0.33
2026-03-05 16:14:00,966 INFO [train] step 4200 mean_loss cls=0.1710 reg=0.1200 reg/cls=0.7017 real=0.5608 fake=0.0735 osd_orth=3.0489 osd_ksv=0.2913 rank=0.0000 rank_term=0.0000 patch_evi=1.4495 patch_d|mean=0.0597
2026-03-05 16:14:00,981 INFO [audit] stratum_count(last_200_batches)={0: 153, 1: 103, 2: 101, 3: 1444, 4: 1456, 5: 1543}
2026-03-05 16:14:00,981 INFO [audit] label_qbin_count(last_200_batches)={'y0_q0': 153, 'y0_q1': 103, 'y0_q2': 101, 'y1_q0': 1444, 'y1_q1': 1456, 'y1_q2': 1543}
2026-03-05 16:14:00,982 INFO [audit] q_log(last_200_batches): mean=5.0947 std=0.8574 min=2.1096 max=8.1353 p10=3.9894 p50=5.0938 p90=6.2387
2026-03-05 16:14:00,982 INFO [groupdro] q_max=0.334 q_eff=3.00 q_H=1.000 argmax=1 worst_gid=2 worst_ema=0.1906 present=1.00 both=0.67
2026-03-05 16:17:24,184 INFO [train] step 4400 mean_loss cls=0.1712 reg=0.1202 reg/cls=0.7021 real=0.4136 fake=0.0835 osd_orth=2.9719 osd_ksv=0.2889 rank=0.0000 rank_term=0.0000 patch_evi=1.4570 patch_d|mean=0.0617
2026-03-05 16:17:24,200 INFO [audit] stratum_count(last_200_batches)={0: 164, 1: 115, 2: 91, 3: 1456, 4: 1476, 5: 1498}
2026-03-05 16:17:24,200 INFO [audit] label_qbin_count(last_200_batches)={'y0_q0': 164, 'y0_q1': 115, 'y0_q2': 91, 'y1_q0': 1456, 'y1_q1': 1476, 'y1_q2': 1498}
2026-03-05 16:17:24,201 INFO [audit] q_log(last_200_batches): mean=5.0875 std=0.8414 min=2.0893 max=7.8379 p10=4.0275 p50=5.0724 p90=6.2075
2026-03-05 16:17:24,201 INFO [groupdro] q_max=0.334 q_eff=3.00 q_H=1.000 argmax=1 worst_gid=2 worst_ema=0.3614 present=1.00 both=1.00
2026-03-05 16:20:47,407 INFO [train] step 4600 mean_loss cls=0.1726 reg=0.1213 reg/cls=0.7026 real=0.4761 fake=0.0927 osd_orth=2.9188 osd_ksv=0.2886 rank=0.0000 rank_term=0.0000 patch_evi=1.5457 patch_d|mean=0.0672
2026-03-05 16:20:47,409 INFO [audit] stratum_count(last_200_batches)={0: 180, 1: 125, 2: 104, 3: 1422, 4: 1466, 5: 1503}
2026-03-05 16:20:47,426 INFO [audit] label_qbin_count(last_200_batches)={'y0_q0': 180, 'y0_q1': 125, 'y0_q2': 104, 'y1_q0': 1422, 'y1_q1': 1466, 'y1_q2': 1503}
2026-03-05 16:20:47,427 INFO [audit] q_log(last_200_batches): mean=5.0849 std=0.8500 min=2.1055 max=8.0217 p10=3.9978 p50=5.0824 p90=6.2045
2026-03-05 16:20:47,427 INFO [groupdro] q_max=0.334 q_eff=3.00 q_H=1.000 argmax=2 worst_gid=2 worst_ema=0.2205 present=1.00 both=0.33
2026-03-05 16:24:10,297 INFO [train] step 4800 mean_loss cls=0.1479 reg=0.1213 reg/cls=0.8201 real=0.3872 fake=0.0867 osd_orth=2.8445 osd_ksv=0.2868 rank=0.0000 rank_term=0.0000 patch_evi=1.6415 patch_d|mean=0.0732
2026-03-05 16:24:10,300 INFO [audit] stratum_count(last_200_batches)={0: 162, 1: 107, 2: 107, 3: 1396, 4: 1509, 5: 1519}
2026-03-05 16:24:10,300 INFO [audit] label_qbin_count(last_200_batches)={'y0_q0': 162, 'y0_q1': 107, 'y0_q2': 107, 'y1_q0': 1396, 'y1_q1': 1509, 'y1_q2': 1519}
2026-03-05 16:24:10,301 INFO [audit] q_log(last_200_batches): mean=5.0940 std=0.8402 min=1.9686 max=7.6228 p10=4.0403 p50=5.0800 p90=6.2071
2026-03-05 16:24:10,301 INFO [groupdro] q_max=0.335 q_eff=3.00 q_H=1.000 argmax=2 worst_gid=2 worst_ema=0.3185 present=1.00 both=0.67
2026-03-05 16:27:33,298 INFO [train] step 5000 mean_loss cls=0.1723 reg=0.1223 reg/cls=0.7097 real=0.5038 fake=0.0828 osd_orth=2.7959 osd_ksv=0.2866 rank=0.0000 rank_term=0.0000 patch_evi=1.8116 patch_d|mean=0.0828
2026-03-05 16:27:33,300 INFO [audit] stratum_count(last_200_batches)={0: 150, 1: 129, 2: 78, 3: 1473, 4: 1448, 5: 1522}
2026-03-05 16:27:33,300 INFO [audit] label_qbin_count(last_200_batches)={'y0_q0': 150, 'y0_q1': 129, 'y0_q2': 78, 'y1_q0': 1473, 'y1_q1': 1448, 'y1_q2': 1522}
2026-03-05 16:27:33,301 INFO [audit] q_log(last_200_batches): mean=5.0997 std=0.8567 min=1.9686 max=8.1410 p10=4.0310 p50=5.0815 p90=6.2750
2026-03-05 16:27:33,301 INFO [groupdro] q_max=0.334 q_eff=3.00 q_H=1.000 argmax=1 worst_gid=2 worst_ema=0.2670 present=1.00 both=0.67
2026-03-05 16:30:56,168 INFO [train] step 5200 mean_loss cls=0.1437 reg=0.1229 reg/cls=0.8549 real=0.4294 fake=0.0816 osd_orth=2.7405 osd_ksv=0.2859 rank=0.0000 rank_term=0.0000 patch_evi=1.8193 patch_d|mean=0.0852
2026-03-05 16:30:56,170 INFO [audit] stratum_count(last_200_batches)={0: 173, 1: 104, 2: 108, 3: 1436, 4: 1472, 5: 1507}
2026-03-05 16:30:56,170 INFO [audit] label_qbin_count(last_200_batches)={'y0_q0': 173, 'y0_q1': 104, 'y0_q2': 108, 'y1_q0': 1436, 'y1_q1': 1472, 'y1_q2': 1507}
2026-03-05 16:30:56,171 INFO [audit] q_log(last_200_batches): mean=5.0876 std=0.8498 min=1.9951 max=7.6579 p10=4.0189 p50=5.0721 p90=6.2358
2026-03-05 16:30:56,172 INFO [groupdro] q_max=0.334 q_eff=3.00 q_H=1.000 argmax=2 worst_gid=2 worst_ema=0.1252 present=1.00 both=0.67
2026-03-05 16:34:20,139 INFO [train] step 5400 mean_loss cls=0.1769 reg=0.1232 reg/cls=0.6965 real=0.4712 fake=0.0980 osd_orth=2.6820 osd_ksv=0.2855 rank=0.0000 rank_term=0.0000 patch_evi=1.9150 patch_d|mean=0.0919
2026-03-05 16:34:20,142 INFO [audit] stratum_count(last_200_batches)={0: 175, 1: 106, 2: 79, 3: 1394, 4: 1516, 5: 1530}
2026-03-05 16:34:20,142 INFO [audit] label_qbin_count(last_200_batches)={'y0_q0': 175, 'y0_q1': 106, 'y0_q2': 79, 'y1_q0': 1394, 'y1_q1': 1516, 'y1_q2': 1530}
2026-03-05 16:34:20,143 INFO [audit] q_log(last_200_batches): mean=5.0944 std=0.8469 min=2.2182 max=7.9928 p10=4.0044 p50=5.0952 p90=6.2089
2026-03-05 16:34:20,143 INFO [groupdro] q_max=0.334 q_eff=3.00 q_H=1.000 argmax=2 worst_gid=1 worst_ema=0.1268 present=1.00 both=0.00
2026-03-05 16:37:43,431 INFO [train] step 5600 mean_loss cls=0.1435 reg=0.1241 reg/cls=0.8644 real=0.4100 fake=0.0814 osd_orth=2.6387 osd_ksv=0.2848 rank=0.0000 rank_term=0.0000 patch_evi=1.9656 patch_d|mean=0.0965
2026-03-05 16:37:43,434 INFO [audit] stratum_count(last_200_batches)={0: 166, 1: 100, 2: 114, 3: 1439, 4: 1474, 5: 1507}
2026-03-05 16:37:43,434 INFO [audit] label_qbin_count(last_200_batches)={'y0_q0': 166, 'y0_q1': 100, 'y0_q2': 114, 'y1_q0': 1439, 'y1_q1': 1474, 'y1_q2': 1507}
2026-03-05 16:37:43,435 INFO [audit] q_log(last_200_batches): mean=5.0944 std=0.8589 min=1.9551 max=7.9165 p10=4.0031 p50=5.0878 p90=6.2479
2026-03-05 16:37:43,446 INFO [groupdro] q_max=0.334 q_eff=3.00 q_H=1.000 argmax=1 worst_gid=1 worst_ema=0.2281 present=1.00 both=0.33
2026-03-05 16:41:06,795 INFO [train] step 5800 mean_loss cls=0.1754 reg=0.1248 reg/cls=0.7116 real=0.5159 fake=0.0863 osd_orth=2.5939 osd_ksv=0.2847 rank=0.0000 rank_term=0.0000 patch_evi=1.9467 patch_d|mean=0.0978
2026-03-05 16:41:06,797 INFO [audit] stratum_count(last_200_batches)={0: 188, 1: 109, 2: 116, 3: 1451, 4: 1495, 5: 1441}
2026-03-05 16:41:06,798 INFO [audit] label_qbin_count(last_200_batches)={'y0_q0': 188, 'y0_q1': 109, 'y0_q2': 116, 'y1_q0': 1451, 'y1_q1': 1495, 'y1_q2': 1441}
2026-03-05 16:41:06,799 INFO [audit] q_log(last_200_batches): mean=5.0567 std=0.8587 min=2.1150 max=7.9692 p10=3.9663 p50=5.0563 p90=6.1804
2026-03-05 16:41:06,799 INFO [groupdro] q_max=0.334 q_eff=3.00 q_H=1.000 argmax=1 worst_gid=1 worst_ema=0.2151 present=1.00 both=0.33
2026-03-05 16:44:29,456 INFO [train] step 6000 mean_loss cls=0.1517 reg=0.1256 reg/cls=0.8278 real=0.4925 fake=0.0787 osd_orth=2.5518 osd_ksv=0.2841 rank=0.0000 rank_term=0.0000 patch_evi=1.8577 patch_d|mean=0.0954
2026-03-05 16:44:29,458 INFO [audit] stratum_count(last_200_batches)={0: 159, 1: 123, 2: 93, 3: 1427, 4: 1481, 5: 1517}
2026-03-05 16:44:29,458 INFO [audit] label_qbin_count(last_200_batches)={'y0_q0': 159, 'y0_q1': 123, 'y0_q2': 93, 'y1_q0': 1427, 'y1_q1': 1481, 'y1_q2': 1517}
2026-03-05 16:44:29,459 INFO [audit] q_log(last_200_batches): mean=5.0914 std=0.8360 min=2.3486 max=8.1925 p10=4.0318 p50=5.0952 p90=6.1958
2026-03-05 16:44:29,459 INFO [groupdro] q_max=0.334 q_eff=3.00 q_H=1.000 argmax=2 worst_gid=1 worst_ema=0.1637 present=1.00 both=0.67
2026-03-05 16:47:52,756 INFO [train] step 6200 mean_loss cls=0.1488 reg=0.1260 reg/cls=0.8466 real=0.3789 fake=0.0730 osd_orth=2.5036 osd_ksv=0.2848 rank=0.0000 rank_term=0.0000 patch_evi=1.9100 patch_d|mean=0.1002
2026-03-05 16:47:52,759 INFO [audit] stratum_count(last_200_batches)={0: 166, 1: 114, 2: 100, 3: 1435, 4: 1496, 5: 1489}
2026-03-05 16:47:52,759 INFO [audit] label_qbin_count(last_200_batches)={'y0_q0': 166, 'y0_q1': 114, 'y0_q2': 100, 'y1_q0': 1435, 'y1_q1': 1496, 'y1_q2': 1489}
2026-03-05 16:47:52,760 INFO [audit] q_log(last_200_batches): mean=5.0807 std=0.8379 min=2.2574 max=7.7568 p10=4.0073 p50=5.0692 p90=6.1943
2026-03-05 16:47:52,760 INFO [groupdro] q_max=0.334 q_eff=3.00 q_H=1.000 argmax=1 worst_gid=2 worst_ema=0.1327 present=1.00 both=0.67
2026-03-05 16:51:16,069 INFO [train] step 6400 mean_loss cls=0.1572 reg=0.1255 reg/cls=0.7982 real=0.4804 fake=0.0884 osd_orth=2.4529 osd_ksv=0.2845 rank=0.0000 rank_term=0.0000 patch_evi=1.9822 patch_d|mean=0.1063
2026-03-05 16:51:16,071 INFO [audit] stratum_count(last_200_batches)={0: 162, 1: 113, 2: 85, 3: 1403, 4: 1553, 5: 1484}
2026-03-05 16:51:16,071 INFO [audit] label_qbin_count(last_200_batches)={'y0_q0': 162, 'y0_q1': 113, 'y0_q2': 85, 'y1_q0': 1403, 'y1_q1': 1553, 'y1_q2': 1484}
2026-03-05 16:51:16,072 INFO [audit] q_log(last_200_batches): mean=5.0859 std=0.8410 min=2.0758 max=8.1624 p10=3.9875 p50=5.0946 p90=6.1845
2026-03-05 16:51:16,072 INFO [groupdro] q_max=0.334 q_eff=3.00 q_H=1.000 argmax=1 worst_gid=1 worst_ema=0.2207 present=1.00 both=0.00
2026-03-05 16:54:38,801 INFO [train] step 6600 mean_loss cls=0.1764 reg=0.1237 reg/cls=0.7013 real=0.4991 fake=0.1009 osd_orth=2.4166 osd_ksv=0.2857 rank=0.0000 rank_term=0.0000 patch_evi=2.0277 patch_d|mean=0.1110
2026-03-05 16:54:38,803 INFO [audit] stratum_count(last_200_batches)={0: 171, 1: 117, 2: 92, 3: 1451, 4: 1521, 5: 1448}
2026-03-05 16:54:38,803 INFO [audit] label_qbin_count(last_200_batches)={'y0_q0': 171, 'y0_q1': 117, 'y0_q2': 92, 'y1_q0': 1451, 'y1_q1': 1521, 'y1_q2': 1448}
2026-03-05 16:54:38,804 INFO [audit] q_log(last_200_batches): mean=5.0723 std=0.8367 min=2.1943 max=8.2225 p10=4.0072 p50=5.0659 p90=6.1764
2026-03-05 16:54:38,804 INFO [groupdro] q_max=0.334 q_eff=3.00 q_H=1.000 argmax=1 worst_gid=2 worst_ema=0.1983 present=1.00 both=0.33
2026-03-05 16:58:01,701 INFO [train] step 6800 mean_loss cls=0.1760 reg=0.1220 reg/cls=0.6934 real=0.5075 fake=0.0959 osd_orth=2.3830 osd_ksv=0.2863 rank=0.0000 rank_term=0.0000 patch_evi=1.9720 patch_d|mean=0.1102
2026-03-05 16:58:01,703 INFO [audit] stratum_count(last_200_batches)={0: 179, 1: 118, 2: 100, 3: 1423, 4: 1460, 5: 1520}
2026-03-05 16:58:01,703 INFO [audit] label_qbin_count(last_200_batches)={'y0_q0': 179, 'y0_q1': 118, 'y0_q2': 100, 'y1_q0': 1423, 'y1_q1': 1460, 'y1_q2': 1520}
2026-03-05 16:58:01,704 INFO [audit] q_log(last_200_batches): mean=5.0897 std=0.8454 min=2.2155 max=7.8558 p10=3.9953 p50=5.0891 p90=6.2087
2026-03-05 16:58:01,704 INFO [groupdro] q_max=0.334 q_eff=3.00 q_H=1.000 argmax=2 worst_gid=1 worst_ema=0.3421 present=1.00 both=0.67
2026-03-05 17:01:24,730 INFO [train] step 7000 mean_loss cls=0.1419 reg=0.1200 reg/cls=0.8451 real=0.3668 fake=0.0894 osd_orth=2.3419 osd_ksv=0.2859 rank=0.0000 rank_term=0.0000 patch_evi=1.8339 patch_d|mean=0.1045
2026-03-05 17:01:24,732 INFO [audit] stratum_count(last_200_batches)={0: 182, 1: 114, 2: 112, 3: 1428, 4: 1492, 5: 1472}
2026-03-05 17:01:24,732 INFO [audit] label_qbin_count(last_200_batches)={'y0_q0': 182, 'y0_q1': 114, 'y0_q2': 112, 'y1_q0': 1428, 'y1_q1': 1492, 'y1_q2': 1472}
2026-03-05 17:01:24,733 INFO [audit] q_log(last_200_batches): mean=5.0803 std=0.8489 min=2.1851 max=7.9671 p10=4.0003 p50=5.0622 p90=6.2187
2026-03-05 17:01:24,734 INFO [groupdro] q_max=0.333 q_eff=3.00 q_H=1.000 argmax=0 worst_gid=2 worst_ema=0.2293 present=1.00 both=0.33
2026-03-05 17:04:47,123 INFO [train] step 7200 mean_loss cls=0.1494 reg=0.1183 reg/cls=0.7915 real=0.4403 fake=0.0782 osd_orth=2.3079 osd_ksv=0.2876 rank=0.0000 rank_term=0.0000 patch_evi=1.7367 patch_d|mean=0.1009
2026-03-05 17:04:47,125 INFO [audit] stratum_count(last_200_batches)={0: 168, 1: 118, 2: 95, 3: 1409, 4: 1525, 5: 1485}
2026-03-05 17:04:47,125 INFO [audit] label_qbin_count(last_200_batches)={'y0_q0': 168, 'y0_q1': 118, 'y0_q2': 95, 'y1_q0': 1409, 'y1_q1': 1525, 'y1_q2': 1485}
2026-03-05 17:04:47,126 INFO [audit] q_log(last_200_batches): mean=5.0941 std=0.8367 min=2.2008 max=8.0996 p10=4.0330 p50=5.0875 p90=6.2120
2026-03-05 17:04:47,127 INFO [groupdro] q_max=0.334 q_eff=3.00 q_H=1.000 argmax=1 worst_gid=1 worst_ema=0.1854 present=1.00 both=0.67
2026-03-05 17:08:10,004 INFO [train] step 7400 mean_loss cls=0.1767 reg=0.1163 reg/cls=0.6584 real=0.4571 fake=0.0987 osd_orth=2.2688 osd_ksv=0.2870 rank=0.0000 rank_term=0.0000 patch_evi=1.5868 patch_d|mean=0.0940
2026-03-05 17:08:10,006 INFO [audit] stratum_count(last_200_batches)={0: 181, 1: 108, 2: 105, 3: 1419, 4: 1484, 5: 1503}
2026-03-05 17:08:10,006 INFO [audit] label_qbin_count(last_200_batches)={'y0_q0': 181, 'y0_q1': 108, 'y0_q2': 105, 'y1_q0': 1419, 'y1_q1': 1484, 'y1_q2': 1503}
2026-03-05 17:08:10,007 INFO [audit] q_log(last_200_batches): mean=5.0866 std=0.8424 min=1.2621 max=7.6705 p10=4.0073 p50=5.0753 p90=6.1933
2026-03-05 17:08:10,007 INFO [groupdro] q_max=0.334 q_eff=3.00 q_H=1.000 argmax=1 worst_gid=2 worst_ema=0.2440 present=1.00 both=0.67
2026-03-05 17:11:33,263 INFO [train] step 7600 mean_loss cls=0.1852 reg=0.1152 reg/cls=0.6221 real=0.4539 fake=0.1059 osd_orth=2.2467 osd_ksv=0.2900 rank=0.0000 rank_term=0.0000 patch_evi=1.6638 patch_d|mean=0.1005
2026-03-05 17:11:33,265 INFO [audit] stratum_count(last_200_batches)={0: 177, 1: 126, 2: 112, 3: 1397, 4: 1481, 5: 1507}
2026-03-05 17:11:33,265 INFO [audit] label_qbin_count(last_200_batches)={'y0_q0': 177, 'y0_q1': 126, 'y0_q2': 112, 'y1_q0': 1397, 'y1_q1': 1481, 'y1_q2': 1507}
2026-03-05 17:11:33,266 INFO [audit] q_log(last_200_batches): mean=5.0992 std=0.8358 min=2.4127 max=7.9934 p10=4.0709 p50=5.0767 p90=6.2205
2026-03-05 17:11:33,266 INFO [groupdro] q_max=0.334 q_eff=3.00 q_H=1.000 argmax=1 worst_gid=1 worst_ema=0.3341 present=1.00 both=0.00
2026-03-05 17:14:55,773 INFO [train] step 7800 mean_loss cls=0.1939 reg=0.1136 reg/cls=0.5859 real=0.5848 fake=0.0960 osd_orth=2.2143 osd_ksv=0.2911 rank=0.0000 rank_term=0.0000 patch_evi=1.6978 patch_d|mean=0.1044
2026-03-05 17:14:55,775 INFO [audit] stratum_count(last_200_batches)={0: 143, 1: 109, 2: 105, 3: 1428, 4: 1504, 5: 1511}
2026-03-05 17:14:55,782 INFO [audit] label_qbin_count(last_200_batches)={'y0_q0': 143, 'y0_q1': 109, 'y0_q2': 105, 'y1_q0': 1428, 'y1_q1': 1504, 'y1_q2': 1511}
2026-03-05 17:14:55,783 INFO [audit] q_log(last_200_batches): mean=5.0978 std=0.8512 min=2.2644 max=8.2734 p10=4.0200 p50=5.0840 p90=6.2649
2026-03-05 17:14:55,784 INFO [groupdro] q_max=0.334 q_eff=3.00 q_H=1.000 argmax=2 worst_gid=2 worst_ema=0.2073 present=1.00 both=0.33
2026-03-05 17:16:11,870 INFO [epoch_diag] groupdro cvar_on=True trim=False q_max=0.334 q_H=1.099 q_Hn=1.000 effG=3.00 n_eff=6.95
2026-03-05 17:16:11,874 INFO [epoch_diag] cvar lambda_t=0.513 tail_k=2.32 tail_frac=0.560 tail_cov=0.416 cap=0.0906 clip_rate=0.141
2026-03-05 17:16:11,876 INFO [epoch_diag] confidence logit_abs=1.8056 prob_entropy=0.1579
2026-03-05 17:16:11,883 INFO epoch 1 train loss: 0.281549 | trainable params: 18886659
2026-03-05 17:16:27,782 INFO epoch 1 val acc=0.7700 prec=0.8111 rec=0.7040 auc=0.8587 eer=0.2200 ap=0.8749 loss=0.799051
2026-03-05 17:16:27,782 INFO epoch 1 val fpr@tpr95=0.6040 precision@recall80=0.7366 fpr_real_bottom10=0.4000 fpr_real_bottom20=0.4100 spearman(q,score): overall=0.1593 real=0.3927 fake=-0.0401 worst_quality_bin_auc=0.8500 worst_stratum_error=0.4769 worst_real_fpr_over_bins=0.7400 worst_fake_fnr_over_bins=0.1154
2026-03-05 17:16:27,783 INFO epoch 1 val shortcut: blur_sp_real=0.3927 blur_sp_all=0.1593 worstbin_real_fpr1=0.0000 gap_real_fpr1=0.0167 group_gap_auc=0.0734 tta_micro_mean=nan tta_micro_p90=nan
2026-03-05 17:16:27,783 INFO epoch 1 val calib: nll=0.7973 brier=0.1859 ece15=0.1622 pred_entropy=0.1845 tpr@fpr1=0.2740 tpr@fpr0.5=0.1520
2026-03-05 17:19:55,716 INFO [train] step 200 mean_loss cls=0.1412 reg=0.1117 reg/cls=0.7916 real=0.3993 fake=0.0782 osd_orth=2.1762 osd_ksv=0.2925 rank=0.0000 rank_term=0.0000 patch_evi=1.7594 patch_d|mean=0.1110
2026-03-05 17:19:55,718 INFO [audit] stratum_count(last_200_batches)={0: 187, 1: 118, 2: 113, 3: 1401, 4: 1492, 5: 1489}
2026-03-05 17:19:55,718 INFO [audit] label_qbin_count(last_200_batches)={'y0_q0': 187, 'y0_q1': 118, 'y0_q2': 113, 'y1_q0': 1401, 'y1_q1': 1492, 'y1_q2': 1489}
2026-03-05 17:19:55,719 INFO [audit] q_log(last_200_batches): mean=5.0894 std=0.8478 min=1.9783 max=8.1925 p10=3.9944 p50=5.0979 p90=6.2235
2026-03-05 17:19:55,719 INFO [groupdro] q_max=0.333 q_eff=3.00 q_H=1.000 argmax=2 worst_gid=2 worst_ema=0.2694 present=1.00 both=0.33
2026-03-05 17:23:18,775 INFO [train] step 400 mean_loss cls=0.1659 reg=0.1099 reg/cls=0.6623 real=0.4560 fake=0.0955 osd_orth=2.1390 osd_ksv=0.2908 rank=0.0000 rank_term=0.0000 patch_evi=1.7995 patch_d|mean=0.1155
2026-03-05 17:23:18,776 INFO [audit] stratum_count(last_200_batches)={0: 154, 1: 113, 2: 121, 3: 1401, 4: 1531, 5: 1480}
2026-03-05 17:23:18,777 INFO [audit] label_qbin_count(last_200_batches)={'y0_q0': 154, 'y0_q1': 113, 'y0_q2': 121, 'y1_q0': 1401, 'y1_q1': 1531, 'y1_q2': 1480}
2026-03-05 17:23:18,777 INFO [audit] q_log(last_200_batches): mean=5.1023 std=0.8429 min=2.1150 max=8.1010 p10=4.0289 p50=5.0930 p90=6.2118
2026-03-05 17:23:18,777 INFO [groupdro] q_max=0.334 q_eff=3.00 q_H=1.000 argmax=1 worst_gid=2 worst_ema=0.1916 present=1.00 both=0.33
